0 info it worked if it ends with ok
1 verbose cli [ 'E:\\Programme\\nodejs\\node.exe',
1 verbose cli   'E:\\Programme\\nodejs\\node_modules\\npm\\bin\\npm-cli.js',
1 verbose cli   'install',
1 verbose cli   'https://github.com/godesign/nativeDroid2.git' ]
2 info using npm@3.10.10
3 info using node@v6.11.0
4 silly loadCurrentTree Starting
5 silly install loadCurrentTree
6 silly install readLocalPackageData
7 silly fetchPackageMetaData https://github.com/godesign/nativeDroid2.git
8 silly fetchOtherPackageData https://github.com/godesign/nativeDroid2.git
9 silly cache add args [ 'https://github.com/godesign/nativeDroid2.git', null ]
10 verbose cache add spec https://github.com/godesign/nativeDroid2.git
11 silly cache add parsed spec Result {
11 silly cache add   raw: 'https://github.com/godesign/nativeDroid2.git',
11 silly cache add   scope: null,
11 silly cache add   escapedName: null,
11 silly cache add   name: null,
11 silly cache add   rawSpec: 'https://github.com/godesign/nativeDroid2.git',
11 silly cache add   spec: 'git+https://github.com/godesign/nativeDroid2.git',
11 silly cache add   type: 'hosted',
11 silly cache add   hosted:
11 silly cache add    { type: 'github',
11 silly cache add      ssh: 'git@github.com:godesign/nativeDroid2.git',
11 silly cache add      sshUrl: 'git+ssh://git@github.com/godesign/nativeDroid2.git',
11 silly cache add      httpsUrl: 'git+https://github.com/godesign/nativeDroid2.git',
11 silly cache add      gitUrl: 'git://github.com/godesign/nativeDroid2.git',
11 silly cache add      shortcut: 'github:godesign/nativeDroid2',
11 silly cache add      directUrl: 'https://raw.githubusercontent.com/godesign/nativeDroid2/master/package.json' } }
12 verbose addRemoteGit caching https://github.com/godesign/nativeDroid2.git
13 verbose addRemoteGit git+https://github.com/godesign/nativeDroid2.git is a repository hosted by github
14 silly tryClone cloning git+https://github.com/godesign/nativeDroid2.git via git+https://github.com/godesign/nativeDroid2.git
15 verbose tryClone git-https-github-com-godesign-nativeDroid2-git-308da0fa not in flight; caching
16 verbose correctMkdir C:\Users\alex\AppData\Roaming\npm-cache\_git-remotes correctMkdir not in flight; initializing
17 verbose makeDirectory C:\Users\alex\AppData\Roaming\npm-cache\_git-remotes creation not in flight; initializing
18 verbose makeCacheDir UID & GID are irrelevant on win32
19 info git [ 'clone',
19 info git   '--template=C:\\Users\\alex\\AppData\\Roaming\\npm-cache\\_git-remotes\\_templates',
19 info git   '--mirror',
19 info git   'https://github.com/godesign/nativeDroid2.git',
19 info git   'C:\\Users\\alex\\AppData\\Roaming\\npm-cache\\_git-remotes\\git-https-github-com-godesign-nativeDroid2-git-308da0fa' ]
20 verbose mirrorRemote git+https://github.com/godesign/nativeDroid2.git git clone https://github.com/godesign/nativeDroid2.git
21 verbose setPermissions git+https://github.com/godesign/nativeDroid2.git skipping chownr on Windows
22 verbose resolveHead git+https://github.com/godesign/nativeDroid2.git original treeish: master
23 info git [ 'rev-list', '-n1', 'master' ]
24 silly resolveHead git+https://github.com/godesign/nativeDroid2.git resolved treeish: 1c2bb6ec097efd46c2ed500af8956bccaf23ecea
25 verbose resolveHead git+https://github.com/godesign/nativeDroid2.git resolved Git URL: git+https://github.com/godesign/nativeDroid2.git#1c2bb6ec097efd46c2ed500af8956bccaf23ecea
26 silly resolveHead Git working directory: C:\Users\alex\AppData\Local\Temp\npm-8304-ad2862c3\git-cache-b2249e5b\1c2bb6ec097efd46c2ed500af8956bccaf23ecea
27 info git [ 'clone',
27 info git   'C:\\Users\\alex\\AppData\\Roaming\\npm-cache\\_git-remotes\\git-https-github-com-godesign-nativeDroid2-git-308da0fa',
27 info git   'C:\\Users\\alex\\AppData\\Local\\Temp\\npm-8304-ad2862c3\\git-cache-b2249e5b\\1c2bb6ec097efd46c2ed500af8956bccaf23ecea' ]
28 verbose cloneResolved git+https://github.com/godesign/nativeDroid2.git clone Cloning into 'C:\Users\alex\AppData\Local\Temp\npm-8304-ad2862c3\git-cache-b2249e5b\1c2bb6ec097efd46c2ed500af8956bccaf23ecea'...
28 verbose cloneResolved done.
29 info git [ 'checkout', '1c2bb6ec097efd46c2ed500af8956bccaf23ecea' ]
30 verbose checkoutTreeish git+https://github.com/godesign/nativeDroid2.git checkout Note: checking out '1c2bb6ec097efd46c2ed500af8956bccaf23ecea'.
30 verbose checkoutTreeish
30 verbose checkoutTreeish You are in 'detached HEAD' state. You can look around, make experimental
30 verbose checkoutTreeish changes and commit them, and you can discard any commits you make in this
30 verbose checkoutTreeish state without impacting any branches by performing another checkout.
30 verbose checkoutTreeish
30 verbose checkoutTreeish If you want to create a new branch to retain commits you create, you may
30 verbose checkoutTreeish do so (now or later) by using -b with the checkout command again. Example:
30 verbose checkoutTreeish
30 verbose checkoutTreeish   git checkout -b <new-branch-name>
30 verbose checkoutTreeish
30 verbose checkoutTreeish HEAD is now at 1c2bb6e... Fix #97 (#98)
31 info git [ 'submodule', '-q', 'update', '--init', '--recursive' ]
32 verbose updateSubmodules git+https://github.com/godesign/nativeDroid2.git submodule update
33 error addLocal Could not install C:\Users\alex\AppData\Local\Temp\npm-8304-ad2862c3\git-cache-b2249e5b\1c2bb6ec097efd46c2ed500af8956bccaf23ecea
34 silly fetchPackageMetaData Error: EISDIR: illegal operation on a directory, read
34 silly fetchPackageMetaData     at Error (native)
34 silly fetchPackageMetaData  error for https://github.com/godesign/nativeDroid2.git { Error: EISDIR: illegal operation on a directory, read
34 silly fetchPackageMetaData     at Error (native) errno: -4068, code: 'EISDIR', syscall: 'read' }
35 silly rollbackFailedOptional Starting
36 silly rollbackFailedOptional Finishing
37 silly runTopLevelLifecycles Finishing
38 silly install printInstalled
39 verbose stack Error: EISDIR: illegal operation on a directory, read
39 verbose stack     at Error (native)
40 verbose cwd E:\Programmieren\mobcompBLE\www
41 error Windows_NT 10.0.15063
42 error argv "E:\\Programme\\nodejs\\node.exe" "E:\\Programme\\nodejs\\node_modules\\npm\\bin\\npm-cli.js" "install" "https://github.com/godesign/nativeDroid2.git"
43 error node v6.11.0
44 error npm  v3.10.10
45 error code EISDIR
46 error errno -4068
47 error syscall read
48 error eisdir EISDIR: illegal operation on a directory, read
49 error eisdir This is most likely not a problem with npm itself
49 error eisdir and is related to npm not being able to find a package.json in
49 error eisdir a package you are trying to install.
50 verbose exit [ -4068, true ]
